#
# There is insufficient memory for the Java Runtime Environment to continue.
# Native memory allocation (malloc) failed to allocate 297056 bytes for Chunk::new
# Possible reasons:
#   The system is out of physical RAM or swap space
#   The process is running with CompressedOops enabled, and the Java Heap may be blocking the growth of the native heap
# Possible solutions:
#   Reduce memory load on the system
#   Increase physical memory or swap space
#   Check if swap backing store is full
#   Decrease Java heap size (-Xmx/-Xms)
#   Decrease number of Java threads
#   Decrease Java thread stack sizes (-Xss)
#   Set larger code cache with -XX:ReservedCodeCacheSize=
#   JVM is running with Unscaled Compressed Oops mode in which the Java heap is
#     placed in the first 4GB address space. The Java Heap base address is the
#     maximum limit for the native heap growth. Please use -XX:HeapBaseMinAddress
#     to set the Java Heap base and to place the Java Heap above 4GB virtual address.
# This output file may be truncated or incomplete.
#
#  Out of Memory Error (arena.cpp:189), pid=5708, tid=10132
#
# JRE version: Java(TM) SE Runtime Environment (17.0.12+8) (build 17.0.12+8-LTS-286)
# Java VM: Java HotSpot(TM) 64-Bit Server VM (17.0.12+8-LTS-286, mixed mode, sharing, tiered, compressed oops, compressed class ptrs, g1 gc, windows-amd64)
# No core dump will be written. Minidumps are not enabled by default on client versions of Windows
#

---------------  S U M M A R Y ------------

Command Line: -javaagent:C:\Program Files\JetBrains\IntelliJ IDEA Community Edition 2024.2.3\lib\idea_rt.jar=63442:C:\Program Files\JetBrains\IntelliJ IDEA Community Edition 2024.2.3\bin -Dfile.encoding=UTF-8 com.desrollador.BookSearch.BookSearchApplication

Host: Intel(R) Core(TM) i5-7300HQ CPU @ 2.50GHz, 4 cores, 7G,  Windows 10 , 64 bit Build 19041 (10.0.19041.5198)
Time: Thu Nov 28 02:09:42 2024 Hora estándar central (México) elapsed time: 1762.909392 seconds (0d 0h 29m 22s)

---------------  T H R E A D  ---------------

Current thread (0x000002046cceaa50):  JavaThread "C2 CompilerThread0" daemon [_thread_in_native, id=10132, stack(0x000000c203300000,0x000000c203400000)]


Current CompileTask:
C2:1762909 5557       4       sun.security.provider.DigestBase::engineDigest (112 bytes)

Stack: [0x000000c203300000,0x000000c203400000]
Native frames: (J=compiled Java code, j=interpreted, Vv=VM code, C=native code)
V  [jvm.dll+0x67a04a]
V  [jvm.dll+0x7da4ed]
V  [jvm.dll+0x7dbe33]
V  [jvm.dll+0x7dc4a3]
V  [jvm.dll+0x24508f]
V  [jvm.dll+0xab773]
V  [jvm.dll+0xabd3c]
V  [jvm.dll+0x2aa52f]
V  [jvm.dll+0x581eb9]
V  [jvm.dll+0x21f422]
V  [jvm.dll+0x21f81f]
V  [jvm.dll+0x218aa0]
V  [jvm.dll+0x215b65]
V  [jvm.dll+0x1a2960]
V  [jvm.dll+0x22610b]
V  [jvm.dll+0x2242ab]
V  [jvm.dll+0x79075c]
V  [jvm.dll+0x78abea]
V  [jvm.dll+0x678f35]
C  [ucrtbase.dll+0x21bb2]
C  [KERNEL32.DLL+0x17374]
C  [ntdll.dll+0x4cc91]


---------------  P R O C E S S  ---------------

Threads class SMR info:
_java_thread_list=0x0000020474613e40, length=35, elements={
0x000002044d4a1aa0, 0x000002046ccc8b30, 0x000002046ccc98c0, 0x000002046ccdaec0,
0x000002046ccdd7a0, 0x000002046ccde070, 0x000002046ccde940, 0x000002046cceaa50,
0x000002046ccec770, 0x000002046ccff850, 0x00000204710cb090, 0x00000204710cbfc0,
0x00000204710ca160, 0x00000204710cbab0, 0x00000204710cc9e0, 0x00000204710cb5a0,
0x00000204710cab80, 0x00000204710ccef0, 0x0000020475622bf0, 0x000002047561fe60,
0x0000020475623100, 0x0000020475623610, 0x000002047561ef30, 0x0000020475620370,
0x0000020475620880, 0x0000020475620d90, 0x00000204756212a0, 0x00000204756217b0,
0x0000020475621cc0, 0x0000020475623b20, 0x0000020475625e90, 0x00000204756221d0,
0x0000020475624030, 0x0000020475624540, 0x00000204754f1a30
}

Java Threads: ( => current thread )
  0x000002044d4a1aa0 JavaThread "main" [_thread_in_native, id=12224, stack(0x000000c202600000,0x000000c202700000)]
  0x000002046ccc8b30 JavaThread "Reference Handler" daemon [_thread_blocked, id=5396, stack(0x000000c202d00000,0x000000c202e00000)]
  0x000002046ccc98c0 JavaThread "Finalizer" daemon [_thread_blocked, id=13996, stack(0x000000c202e00000,0x000000c202f00000)]
  0x000002046ccdaec0 JavaThread "Signal Dispatcher" daemon [_thread_blocked, id=12992, stack(0x000000c202f00000,0x000000c203000000)]
  0x000002046ccdd7a0 JavaThread "Attach Listener" daemon [_thread_blocked, id=4972, stack(0x000000c203000000,0x000000c203100000)]
  0x000002046ccde070 JavaThread "Service Thread" daemon [_thread_blocked, id=15240, stack(0x000000c203100000,0x000000c203200000)]
  0x000002046ccde940 JavaThread "Monitor Deflation Thread" daemon [_thread_blocked, id=6092, stack(0x000000c203200000,0x000000c203300000)]
=>0x000002046cceaa50 JavaThread "C2 CompilerThread0" daemon [_thread_in_native, id=10132, stack(0x000000c203300000,0x000000c203400000)]
  0x000002046ccec770 JavaThread "C1 CompilerThread0" daemon [_thread_blocked, id=3680, stack(0x000000c203400000,0x000000c203500000)]
  0x000002046ccff850 JavaThread "Sweeper thread" daemon [_thread_blocked, id=11528, stack(0x000000c203500000,0x000000c203600000)]
  0x00000204710cb090 JavaThread "Common-Cleaner" daemon [_thread_blocked, id=5596, stack(0x000000c203600000,0x000000c203700000)]
  0x00000204710cbfc0 JavaThread "Monitor Ctrl-Break" daemon [_thread_in_native, id=11504, stack(0x000000c203800000,0x000000c203900000)]
  0x00000204710ca160 JavaThread "Notification Thread" daemon [_thread_blocked, id=13716, stack(0x000000c203900000,0x000000c203a00000)]
  0x00000204710cbab0 JavaThread "Catalina-utility-1" [_thread_blocked, id=6208, stack(0x000000c203e00000,0x000000c203f00000)]
  0x00000204710cc9e0 JavaThread "Catalina-utility-2" [_thread_blocked, id=15036, stack(0x000000c203f00000,0x000000c204000000)]
  0x00000204710cb5a0 JavaThread "container-0" [_thread_blocked, id=1220, stack(0x000000c204000000,0x000000c204100000)]
  0x00000204710cab80 JavaThread "PostgreSQL-JDBC-Cleaner" daemon [_thread_blocked, id=15188, stack(0x000000c204200000,0x000000c204300000)]
  0x00000204710ccef0 JavaThread "HikariPool-1 housekeeper" daemon [_thread_blocked, id=6660, stack(0x000000c204300000,0x000000c204400000)]
  0x0000020475622bf0 JavaThread "http-nio-8080-exec-1" daemon [_thread_blocked, id=8056, stack(0x000000c204500000,0x000000c204600000)]
  0x000002047561fe60 JavaThread "http-nio-8080-exec-2" daemon [_thread_blocked, id=4004, stack(0x000000c204600000,0x000000c204700000)]
  0x0000020475623100 JavaThread "http-nio-8080-exec-3" daemon [_thread_blocked, id=9620, stack(0x000000c204700000,0x000000c204800000)]
  0x0000020475623610 JavaThread "http-nio-8080-exec-4" daemon [_thread_blocked, id=912, stack(0x000000c204800000,0x000000c204900000)]
  0x000002047561ef30 JavaThread "http-nio-8080-exec-5" daemon [_thread_blocked, id=6976, stack(0x000000c204900000,0x000000c204a00000)]
  0x0000020475620370 JavaThread "http-nio-8080-exec-6" daemon [_thread_blocked, id=11524, stack(0x000000c204a00000,0x000000c204b00000)]
  0x0000020475620880 JavaThread "http-nio-8080-exec-7" daemon [_thread_blocked, id=14672, stack(0x000000c204b00000,0x000000c204c00000)]
  0x0000020475620d90 JavaThread "http-nio-8080-exec-8" daemon [_thread_blocked, id=11316, stack(0x000000c204c00000,0x000000c204d00000)]
  0x00000204756212a0 JavaThread "http-nio-8080-exec-9" daemon [_thread_blocked, id=15316, stack(0x000000c204d00000,0x000000c204e00000)]
  0x00000204756217b0 JavaThread "http-nio-8080-exec-10" daemon [_thread_blocked, id=7276, stack(0x000000c204e00000,0x000000c204f00000)]
  0x0000020475621cc0 JavaThread "http-nio-8080-Poller" daemon [_thread_in_native, id=3428, stack(0x000000c204f00000,0x000000c205000000)]
  0x0000020475623b20 JavaThread "http-nio-8080-Acceptor" daemon [_thread_in_native, id=8068, stack(0x000000c205000000,0x000000c205100000)]
  0x0000020475625e90 JavaThread "HttpClient-1-SelectorManager" daemon [_thread_in_native, id=2676, stack(0x000000c204400000,0x000000c204500000)]
  0x00000204756221d0 JavaThread "HttpClient-2-SelectorManager" daemon [_thread_in_native, id=5860, stack(0x000000c203700000,0x000000c203800000)]
  0x0000020475624030 JavaThread "HikariPool-1 connection closer" daemon [_thread_blocked, id=14352, stack(0x000000c202300000,0x000000c202400000)]
  0x0000020475624540 JavaThread "HikariPool-1 connection adder" daemon [_thread_blocked, id=8844, stack(0x000000c202400000,0x000000c202500000)]
  0x00000204754f1a30 JavaThread "C2 CompilerThread1" daemon [_thread_in_native, id=11020, stack(0x000000c204100000,0x000000c204200000)]

Other Threads:
  0x000002046ccc5020 VMThread "VM Thread" [stack: 0x000000c202c00000,0x000000c202d00000] [id=13436]
  0x000002044d514e90 WatcherThread [stack: 0x000000c203a00000,0x000000c203b00000] [id=3880]
  0x000002044d4fa690 GCTaskThread "GC Thread#0" [stack: 0x000000c202700000,0x000000c202800000] [id=11236]
  0x00000204717c2620 GCTaskThread "GC Thread#1" [stack: 0x000000c203b00000,0x000000c203c00000] [id=13320]
  0x00000204717c28e0 GCTaskThread "GC Thread#2" [stack: 0x000000c203c00000,0x000000c203d00000] [id=10532]
  0x0000020471a2b090 GCTaskThread "GC Thread#3" [stack: 0x000000c203d00000,0x000000c203e00000] [id=13760]
  0x000002044d50c180 ConcurrentGCThread "G1 Main Marker" [stack: 0x000000c202800000,0x000000c202900000] [id=12648]
  0x000002044d50d240 ConcurrentGCThread "G1 Conc#0" [stack: 0x000000c202900000,0x000000c202a00000] [id=11728]
  0x000002046cb400a0 ConcurrentGCThread "G1 Refine#0" [stack: 0x000000c202a00000,0x000000c202b00000] [id=14500]
  0x000002046cb409e0 ConcurrentGCThread "G1 Service" [stack: 0x000000c202b00000,0x000000c202c00000] [id=7232]

Threads with active compile tasks:
C2 CompilerThread0  1762958 5557       4       sun.security.provider.DigestBase::engineDigest (112 bytes)
C2 CompilerThread1  1762958 5556 % !   4       com.sun.crypto.provider.PBKDF2KeyImpl::deriveKey @ 198 (302 bytes)

VM state: not at safepoint (normal execution)

VM Mutex/Monitor currently owned by a thread: None

Heap address: 0x0000000081c00000, size: 2020 MB, Compressed Oops mode: 32-bit

CDS archive(s) mapped at: [0x0000020400000000-0x0000020400bd0000-0x0000020400bd0000), size 12386304, SharedBaseAddress: 0x0000020400000000, ArchiveRelocationMode: 1.
Compressed class space mapped at: 0x0000020401000000-0x0000020441000000, reserved size: 1073741824
Narrow klass base: 0x0000020400000000, Narrow klass shift: 0, Narrow klass range: 0x100000000

GC Precious Log:
 CPUs: 4 total, 4 available
 Memory: 8072M
 Large Page Support: Disabled
 NUMA Support: Disabled
 Compressed Oops: Enabled (32-bit)
 Heap Region Size: 1M
 Heap Min Capacity: 8M
 Heap Initial Capacity: 128M
 Heap Max Capacity: 2020M
 Pre-touch: Disabled
 Parallel Workers: 4
 Concurrent Workers: 1
 Concurrent Refinement Workers: 4
 Periodic GC: Disabled

Heap:
 garbage-first heap   total 58368K, used 37646K [0x0000000081c00000, 0x0000000100000000)
  region size 1024K, 14 young (14336K), 2 survivors (2048K)
 Metaspace       used 65036K, committed 65536K, reserved 1114112K
  class space    used 8821K, committed 9024K, reserved 1048576K

Heap Regions: E=young(eden), S=young(survivor), O=old, HS=humongous(starts), HC=humongous(continues), CS=collection set, F=free, OA=open archive, CA=closed archive, TAMS=top-at-mark-start (previous, next)
|   0|0x0000000081c00000, 0x0000000081d00000, 0x0000000081d00000|100%|HS|  |TAMS 0x0000000081d00000, 0x0000000081c00000| Complete 
|   1|0x0000000081d00000, 0x0000000081e00000, 0x0000000081e00000|100%| O|  |TAMS 0x0000000081e00000, 0x0000000081d00000| Untracked 
|   2|0x0000000081e00000, 0x0000000081f00000, 0x0000000081f00000|100%| O|  |TAMS 0x0000000081f00000, 0x0000000081e00000| Untracked 
|   3|0x0000000081f00000, 0x0000000082000000, 0x0000000082000000|100%| O|  |TAMS 0x0000000082000000, 0x0000000081f00000| Untracked 
|   4|0x0000000082000000, 0x0000000082100000, 0x0000000082100000|100%| O|  |TAMS 0x0000000082100000, 0x0000000082000000| Untracked 
|   5|0x0000000082100000, 0x00000000821f5e00, 0x0000000082200000| 96%| O|  |TAMS 0x00000000821f5e00, 0x0000000082100000| Untracked 
|   6|0x0000000082200000, 0x0000000082300000, 0x0000000082300000|100%| O|  |TAMS 0x0000000082300000, 0x0000000082200000| Untracked 
|   7|0x0000000082300000, 0x0000000082400000, 0x0000000082400000|100%| O|  |TAMS 0x0000000082400000, 0x0000000082300000| Untracked 
|   8|0x0000000082400000, 0x0000000082500000, 0x0000000082500000|100%| O|  |TAMS 0x0000000082500000, 0x0000000082400000| Untracked 
|   9|0x0000000082500000, 0x0000000082600000, 0x0000000082600000|100%| O|  |TAMS 0x0000000082600000, 0x0000000082500000| Untracked 
|  10|0x0000000082600000, 0x0000000082700000, 0x0000000082700000|100%| O|  |TAMS 0x0000000082700000, 0x0000000082600000| Untracked 
|  11|0x0000000082700000, 0x0000000082800000, 0x0000000082800000|100%| O|  |TAMS 0x0000000082800000, 0x0000000082700000| Untracked 
|  12|0x0000000082800000, 0x0000000082900000, 0x0000000082900000|100%| O|  |TAMS 0x0000000082900000, 0x0000000082800000| Untracked 
|  13|0x0000000082900000, 0x0000000082a00000, 0x0000000082a00000|100%| O|  |TAMS 0x0000000082a00000, 0x0000000082900000| Untracked 
|  14|0x0000000082a00000, 0x0000000082b00000, 0x0000000082b00000|100%| O|  |TAMS 0x0000000082b00000, 0x0000000082a00000| Untracked 
|  15|0x0000000082b00000, 0x0000000082c00000, 0x0000000082c00000|100%| O|  |TAMS 0x0000000082c00000, 0x0000000082b00000| Untracked 
|  16|0x0000000082c00000, 0x0000000082d00000, 0x0000000082d00000|100%| O|  |TAMS 0x0000000082d00000, 0x0000000082c00000| Untracked 
|  17|0x0000000082d00000, 0x0000000082e00000, 0x0000000082e00000|100%| O|  |TAMS 0x0000000082e00000, 0x0000000082d00000| Untracked 
|  18|0x0000000082e00000, 0x0000000082f00000, 0x0000000082f00000|100%| O|  |TAMS 0x0000000082f00000, 0x0000000082e00000| Untracked 
|  19|0x0000000082f00000, 0x0000000083000000, 0x0000000083000000|100%| O|  |TAMS 0x0000000082fff200, 0x0000000082f00000| Untracked 
|  20|0x0000000083000000, 0x0000000083100000, 0x0000000083100000|100%| O|  |TAMS 0x0000000083000000, 0x0000000083000000| Untracked 
|  21|0x0000000083100000, 0x0000000083200000, 0x0000000083200000|100%| O|  |TAMS 0x0000000083100000, 0x0000000083100000| Untracked 
|  22|0x0000000083200000, 0x0000000083300000, 0x0000000083300000|100%| O|  |TAMS 0x0000000083200000, 0x0000000083200000| Untracked 
|  23|0x0000000083300000, 0x0000000083400000, 0x0000000083400000|100%| O|  |TAMS 0x0000000083300000, 0x0000000083300000| Untracked 
|  24|0x0000000083400000, 0x000000008340ee00, 0x0000000083500000|  5%| O|  |TAMS 0x0000000083400000, 0x0000000083400000| Untracked 
|  25|0x0000000083500000, 0x0000000083500000, 0x0000000083600000|  0%| F|  |TAMS 0x0000000083500000, 0x0000000083500000| Untracked 
|  26|0x0000000083600000, 0x0000000083600000, 0x0000000083700000|  0%| F|  |TAMS 0x0000000083600000, 0x0000000083600000| Untracked 
|  27|0x0000000083700000, 0x0000000083700000, 0x0000000083800000|  0%| F|  |TAMS 0x0000000083700000, 0x0000000083700000| Untracked 
|  28|0x0000000083800000, 0x0000000083800000, 0x0000000083900000|  0%| F|  |TAMS 0x0000000083800000, 0x0000000083800000| Untracked 
|  29|0x0000000083900000, 0x0000000083900000, 0x0000000083a00000|  0%| F|  |TAMS 0x0000000083900000, 0x0000000083900000| Untracked 
|  30|0x0000000083a00000, 0x0000000083a00000, 0x0000000083b00000|  0%| F|  |TAMS 0x0000000083a00000, 0x0000000083a00000| Untracked 
|  31|0x0000000083b00000, 0x0000000083b00000, 0x0000000083c00000|  0%| F|  |TAMS 0x0000000083b00000, 0x0000000083b00000| Untracked 
|  32|0x0000000083c00000, 0x0000000083c00000, 0x0000000083d00000|  0%| F|  |TAMS 0x0000000083c00000, 0x0000000083c00000| Untracked 
|  33|0x0000000083d00000, 0x0000000083d00000, 0x0000000083e00000|  0%| F|  |TAMS 0x0000000083d00000, 0x0000000083d00000| Untracked 
|  34|0x0000000083e00000, 0x0000000083e00000, 0x0000000083f00000|  0%| F|  |TAMS 0x0000000083e00000, 0x0000000083e00000| Untracked 
|  35|0x0000000083f00000, 0x0000000083f00000, 0x0000000084000000|  0%| F|  |TAMS 0x0000000083f00000, 0x0000000083f00000| Untracked 
|  36|0x0000000084000000, 0x0000000084000000, 0x0000000084100000|  0%| F|  |TAMS 0x0000000084000000, 0x0000000084000000| Untracked 
|  37|0x0000000084100000, 0x0000000084100000, 0x0000000084200000|  0%| F|  |TAMS 0x0000000084100000, 0x0000000084100000| Untracked 
|  38|0x0000000084200000, 0x0000000084200000, 0x0000000084300000|  0%| F|  |TAMS 0x0000000084200000, 0x0000000084200000| Untracked 
|  39|0x0000000084300000, 0x0000000084300000, 0x0000000084400000|  0%| F|  |TAMS 0x0000000084300000, 0x0000000084300000| Untracked 
|  40|0x0000000084400000, 0x0000000084400000, 0x0000000084500000|  0%| F|  |TAMS 0x0000000084400000, 0x0000000084400000| Untracked 
|  41|0x0000000084500000, 0x0000000084500000, 0x0000000084600000|  0%| F|  |TAMS 0x0000000084500000, 0x0000000084500000| Untracked 
|  42|0x0000000084600000, 0x0000000084600000, 0x0000000084700000|  0%| F|  |TAMS 0x0000000084600000, 0x0000000084600000| Untracked 
|  43|0x0000000084700000, 0x000000008470fdd8, 0x0000000084800000|  6%| E|  |TAMS 0x0000000084700000, 0x0000000084700000| Complete 
|  44|0x0000000084800000, 0x0000000084900000, 0x0000000084900000|100%| E|CS|TAMS 0x0000000084800000, 0x0000000084800000| Complete 
|  45|0x0000000084900000, 0x0000000084a00000, 0x0000000084a00000|100%| E|CS|TAMS 0x0000000084900000, 0x0000000084900000| Complete 
|  46|0x0000000084a00000, 0x0000000084b00000, 0x0000000084b00000|100%| E|CS|TAMS 0x0000000084a00000, 0x0000000084a00000| Complete 
|  47|0x0000000084b00000, 0x0000000084c00000, 0x0000000084c00000|100%| E|CS|TAMS 0x0000000084b00000, 0x0000000084b00000| Complete 
|  48|0x0000000084c00000, 0x0000000084d00000, 0x0000000084d00000|100%| E|CS|TAMS 0x0000000084c00000, 0x0000000084c00000| Complete 
|  71|0x0000000086300000, 0x00000000863becc0, 0x0000000086400000| 74%| S|CS|TAMS 0x0000000086300000, 0x0000000086300000| Complete 
|  72|0x0000000086400000, 0x0000000086500000, 0x0000000086500000|100%| S|CS|TAMS 0x0000000086400000, 0x0000000086400000| Complete 
|  73|0x0000000086500000, 0x0000000086600000, 0x0000000086600000|100%| E|CS|TAMS 0x0000000086500000, 0x0000000086500000| Complete 
|  74|0x0000000086600000, 0x0000000086700000, 0x0000000086700000|100%| E|CS|TAMS 0x0000000086600000, 0x0000000086600000| Complete 
|  75|0x0000000086700000, 0x0000000086800000, 0x0000000086800000|100%| E|CS|TAMS 0x0000000086700000, 0x0000000086700000| Complete 
|  76|0x0000000086800000, 0x0000000086900000, 0x0000000086900000|100%| E|CS|TAMS 0x0000000086800000, 0x0000000086800000| Complete 
|  77|0x0000000086900000, 0x0000000086a00000, 0x0000000086a00000|100%| E|CS|TAMS 0x0000000086900000, 0x0000000086900000| Complete 
| 127|0x0000000089b00000, 0x0000000089c00000, 0x0000000089c00000|100%| E|CS|TAMS 0x0000000089b00000, 0x0000000089b00000| Complete 

Card table byte_map: [0x0000020465f70000,0x0000020466370000] _byte_map_base: 0x0000020465b62000

Marking Bits (Prev, Next): (CMBitMap*) 0x000002044d4fbc10, (CMBitMap*) 0x000002044d4fbbd0
 Prev Bits: [0x0000020468700000, 0x000002046a690000)
 Next Bits: [0x0000020466770000, 0x0000020468700000)

Polling page: 0x000002044d570000

Metaspace:

Usage:
  Non-class:     54.90 MB used.
      Class:      8.61 MB used.
       Both:     63.51 MB used.

Virtual space:
  Non-class space:       64.00 MB reserved,      55.19 MB ( 86%) committed,  1 nodes.
      Class space:        1.00 GB reserved,       8.81 MB ( <1%) committed,  1 nodes.
             Both:        1.06 GB reserved,      64.00 MB (  6%) committed. 

Chunk freelists:
   Non-Class:  8.20 MB
       Class:  7.00 MB
        Both:  15.21 MB

MaxMetaspaceSize: unlimited
CompressedClassSpaceSize: 1.00 GB
Initial GC threshold: 21.00 MB
Current GC threshold: 100.25 MB
CDS: on
MetaspaceReclaimPolicy: balanced
 - commit_granule_bytes: 65536.
 - commit_granule_words: 8192.
 - virtual_space_node_default_size: 8388608.
 - enlarge_chunks_in_place: 1.
 - new_chunks_are_fully_committed: 0.
 - uncommit_free_chunks: 1.
 - use_allocation_guard: 0.
 - handle_deallocations: 1.


Internal statistics:

num_allocs_failed_limit: 17.
num_arena_births: 734.
num_arena_deaths: 0.
num_vsnodes_births: 2.
num_vsnodes_deaths: 0.
num_space_committed: 1024.
num_space_uncommitted: 0.
num_chunks_returned_to_freelist: 17.
num_chunks_taken_from_freelist: 2994.
num_chunk_merges: 14.
num_chunk_splits: 2151.
num_chunks_enlarged: 1674.
num_inconsistent_stats: 0.

CodeHeap 'non-profiled nmethods': size=120000Kb used=3203Kb max_used=3203Kb free=116797Kb
 bounds [0x000002045e020000, 0x000002045e350000, 0x0000020465550000]
CodeHeap 'profiled nmethods': size=120000Kb used=9249Kb max_used=9765Kb free=110750Kb
 bounds [0x0000020456550000, 0x0000020456ee0000, 0x000002045da80000]
CodeHeap 'non-nmethods': size=5760Kb used=1343Kb max_used=1420Kb free=4416Kb
 bounds [0x000002045da80000, 0x000002045dcf0000, 0x000002045e020000]
 total_blobs=5524 nmethods=4851 adapters=585
 compilation: enabled
              stopped_count=0, restarted_count=0
 full_count=0

Compilation events (20 events):
Event: 1762.851 Thread 0x000002046ccec770 nmethod 5555 0x00000204565ead90 code [0x00000204565eaf20, 0x00000204565eb0d8]
Event: 1762.860 Thread 0x000002046ccec770 5565       3       javax.crypto.JceSecurity$IdentityWrapper::equals (36 bytes)
Event: 1762.861 Thread 0x000002046ccec770 nmethod 5565 0x00000204565ea690 code [0x00000204565ea840, 0x00000204565eac78]
Event: 1762.861 Thread 0x000002046ccec770 5567       3       org.postgresql.shaded.com.ongres.scram.common.util.Preconditions::castNonNull (22 bytes)
Event: 1762.861 Thread 0x000002046ccec770 nmethod 5567 0x0000020456616e10 code [0x0000020456616fa0, 0x0000020456617098]
Event: 1762.861 Thread 0x000002046ccec770 5566       3       java.security.MessageDigest::getInstance (119 bytes)
Event: 1762.861 Thread 0x00000204754f1a30 5556 % !   4       com.sun.crypto.provider.PBKDF2KeyImpl::deriveKey @ 198 (302 bytes)
Event: 1762.861 Thread 0x000002046ccec770 nmethod 5566 0x000002045688ce90 code [0x000002045688d080, 0x000002045688d748]
Event: 1762.864 Thread 0x000002046ccec770 5568       3       org.postgresql.util.internal.Nullness::castNonNull (22 bytes)
Event: 1762.864 Thread 0x000002046ccec770 nmethod 5568 0x0000020456ad4190 code [0x0000020456ad4320, 0x0000020456ad4418]
Event: 1762.865 Thread 0x000002046ccec770 5569       3       sun.util.locale.LocaleUtils::isAlphaNumericString (33 bytes)
Event: 1762.866 Thread 0x000002046ccec770 nmethod 5569 0x000002045688bd90 code [0x000002045688bfe0, 0x000002045688cab8]
Event: 1762.866 Thread 0x000002046ccec770 5570       1       org.postgresql.core.QueryExecutorBase::isReWriteBatchedInsertsEnabled (5 bytes)
Event: 1762.866 Thread 0x000002046ccec770 nmethod 5570 0x000002045e33d590 code [0x000002045e33d720, 0x000002045e33d7f8]
Event: 1762.868 Thread 0x000002046cceaa50 nmethod 5554 0x000002045e33d890 code [0x000002045e33da40, 0x000002045e33e458]
Event: 1762.868 Thread 0x000002046cceaa50 5562       4       sun.security.provider.DigestBase::engineUpdate (189 bytes)
Event: 1762.888 Thread 0x000002046cceaa50 nmethod 5562 0x000002045e33ec90 code [0x000002045e33ee60, 0x000002045e33f858]
Event: 1762.888 Thread 0x000002046cceaa50 5564   !   4       javax.crypto.Mac::chooseFirstProvider (236 bytes)
Event: 1762.896 Thread 0x000002046cceaa50 nmethod 5564 0x000002045e33ff90 code [0x000002045e340140, 0x000002045e3408d8]
Event: 1762.896 Thread 0x000002046cceaa50 5557       4       sun.security.provider.DigestBase::engineDigest (112 bytes)

GC Heap History (20 events):
Event: 3.748 GC heap before
{Heap before GC invocations=6 (full 0):
 garbage-first heap   total 48128K, used 15289K [0x0000000081c00000, 0x0000000100000000)
  region size 1024K, 4 young (4096K), 3 survivors (3072K)
 Metaspace       used 25512K, committed 25920K, reserved 1114112K
  class space    used 3275K, committed 3456K, reserved 1048576K
}
Event: 3.756 GC heap after
{Heap after GC invocations=7 (full 0):
 garbage-first heap   total 48128K, used 15381K [0x0000000081c00000, 0x0000000100000000)
  region size 1024K, 1 young (1024K), 1 survivors (1024K)
 Metaspace       used 25512K, committed 25920K, reserved 1114112K
  class space    used 3275K, committed 3456K, reserved 1048576K
}
Event: 4.345 GC heap before
{Heap before GC invocations=7 (full 0):
 garbage-first heap   total 48128K, used 33813K [0x0000000081c00000, 0x0000000100000000)
  region size 1024K, 19 young (19456K), 1 survivors (1024K)
 Metaspace       used 29079K, committed 29568K, reserved 1114112K
  class space    used 3712K, committed 3968K, reserved 1048576K
}
Event: 4.350 GC heap after
{Heap after GC invocations=8 (full 0):
 garbage-first heap   total 48128K, used 16176K [0x0000000081c00000, 0x0000000100000000)
  region size 1024K, 2 young (2048K), 2 survivors (2048K)
 Metaspace       used 29079K, committed 29568K, reserved 1114112K
  class space    used 3712K, committed 3968K, reserved 1048576K
}
Event: 4.927 GC heap before
{Heap before GC invocations=8 (full 0):
 garbage-first heap   total 48128K, used 34608K [0x0000000081c00000, 0x0000000100000000)
  region size 1024K, 20 young (20480K), 2 survivors (2048K)
 Metaspace       used 33451K, committed 33920K, reserved 1114112K
  class space    used 4384K, committed 4608K, reserved 1048576K
}
Event: 4.930 GC heap after
{Heap after GC invocations=9 (full 0):
 garbage-first heap   total 48128K, used 16996K [0x0000000081c00000, 0x0000000100000000)
  region size 1024K, 3 young (3072K), 3 survivors (3072K)
 Metaspace       used 33451K, committed 33920K, reserved 1114112K
  class space    used 4384K, committed 4608K, reserved 1048576K
}
Event: 5.240 GC heap before
{Heap before GC invocations=9 (full 0):
 garbage-first heap   total 48128K, used 26212K [0x0000000081c00000, 0x0000000100000000)
  region size 1024K, 13 young (13312K), 3 survivors (3072K)
 Metaspace       used 35731K, committed 36160K, reserved 1114112K
  class space    used 4759K, committed 4992K, reserved 1048576K
}
Event: 5.245 GC heap after
{Heap after GC invocations=10 (full 0):
 garbage-first heap   total 48128K, used 17411K [0x0000000081c00000, 0x0000000100000000)
  region size 1024K, 2 young (2048K), 2 survivors (2048K)
 Metaspace       used 35731K, committed 36160K, reserved 1114112K
  class space    used 4759K, committed 4992K, reserved 1048576K
}
Event: 5.946 GC heap before
{Heap before GC invocations=11 (full 0):
 garbage-first heap   total 48128K, used 36867K [0x0000000081c00000, 0x0000000100000000)
  region size 1024K, 21 young (21504K), 2 survivors (2048K)
 Metaspace       used 40990K, committed 41408K, reserved 1114112K
  class space    used 5456K, committed 5632K, reserved 1048576K
}
Event: 5.950 GC heap after
{Heap after GC invocations=12 (full 0):
 garbage-first heap   total 48128K, used 18571K [0x0000000081c00000, 0x0000000100000000)
  region size 1024K, 3 young (3072K), 3 survivors (3072K)
 Metaspace       used 40990K, committed 41408K, reserved 1114112K
  class space    used 5456K, committed 5632K, reserved 1048576K
}
Event: 6.428 GC heap before
{Heap before GC invocations=12 (full 0):
 garbage-first heap   total 48128K, used 35979K [0x0000000081c00000, 0x0000000100000000)
  region size 1024K, 21 young (21504K), 3 survivors (3072K)
 Metaspace       used 45698K, committed 46144K, reserved 1114112K
  class space    used 6177K, committed 6400K, reserved 1048576K
}
Event: 6.431 GC heap after
{Heap after GC invocations=13 (full 0):
 garbage-first heap   total 48128K, used 19538K [0x0000000081c00000, 0x0000000100000000)
  region size 1024K, 3 young (3072K), 3 survivors (3072K)
 Metaspace       used 45698K, committed 46144K, reserved 1114112K
  class space    used 6177K, committed 6400K, reserved 1048576K
}
Event: 6.948 GC heap before
{Heap before GC invocations=13 (full 0):
 garbage-first heap   total 48128K, used 35922K [0x0000000081c00000, 0x0000000100000000)
  region size 1024K, 20 young (20480K), 3 survivors (3072K)
 Metaspace       used 49987K, committed 50432K, reserved 1114112K
  class space    used 6866K, committed 7104K, reserved 1048576K
}
Event: 6.953 GC heap after
{Heap after GC invocations=14 (full 0):
 garbage-first heap   total 58368K, used 20385K [0x0000000081c00000, 0x0000000100000000)
  region size 1024K, 2 young (2048K), 2 survivors (2048K)
 Metaspace       used 49987K, committed 50432K, reserved 1114112K
  class space    used 6866K, committed 7104K, reserved 1048576K
}
Event: 7.594 GC heap before
{Heap before GC invocations=14 (full 0):
 garbage-first heap   total 58368K, used 44961K [0x0000000081c00000, 0x0000000100000000)
  region size 1024K, 27 young (27648K), 2 survivors (2048K)
 Metaspace       used 55069K, committed 55616K, reserved 1114112K
  class space    used 7552K, committed 7808K, reserved 1048576K
}
Event: 7.601 GC heap after
{Heap after GC invocations=15 (full 0):
 garbage-first heap   total 58368K, used 22446K [0x0000000081c00000, 0x0000000100000000)
  region size 1024K, 4 young (4096K), 4 survivors (4096K)
 Metaspace       used 55069K, committed 55616K, reserved 1114112K
  class space    used 7552K, committed 7808K, reserved 1048576K
}
Event: 8.191 GC heap before
{Heap before GC invocations=15 (full 0):
 garbage-first heap   total 58368K, used 45998K [0x0000000081c00000, 0x0000000100000000)
  region size 1024K, 27 young (27648K), 4 survivors (4096K)
 Metaspace       used 57863K, committed 58304K, reserved 1114112K
  class space    used 7923K, committed 8128K, reserved 1048576K
}
Event: 8.198 GC heap after
{Heap after GC invocations=16 (full 0):
 garbage-first heap   total 58368K, used 24532K [0x0000000081c00000, 0x0000000100000000)
  region size 1024K, 4 young (4096K), 4 survivors (4096K)
 Metaspace       used 57863K, committed 58304K, reserved 1114112K
  class space    used 7923K, committed 8128K, reserved 1048576K
}
Event: 12.188 GC heap before
{Heap before GC invocations=16 (full 0):
 garbage-first heap   total 58368K, used 29652K [0x0000000081c00000, 0x0000000100000000)
  region size 1024K, 10 young (10240K), 4 survivors (4096K)
 Metaspace       used 60292K, committed 60736K, reserved 1114112K
  class space    used 8176K, committed 8384K, reserved 1048576K
}
Event: 12.195 GC heap after
{Heap after GC invocations=17 (full 0):
 garbage-first heap   total 58368K, used 26382K [0x0000000081c00000, 0x0000000100000000)
  region size 1024K, 2 young (2048K), 2 survivors (2048K)
 Metaspace       used 60292K, committed 60736K, reserved 1114112K
  class space    used 8176K, committed 8384K, reserved 1048576K
}

Deoptimization events (20 events):
Event: 14.507 Thread 0x0000020475624f60 DEOPT PACKING pc=0x0000020456c9783e sp=0x000000c2051fe6c0
Event: 14.507 Thread 0x0000020475624f60 DEOPT UNPACKING pc=0x000002045dad2b43 sp=0x000000c2051fdaf0 mode 0
Event: 14.507 Thread 0x0000020475624f60 DEOPT PACKING pc=0x0000020456c97871 sp=0x000000c2051fe6c0
Event: 14.507 Thread 0x0000020475624f60 DEOPT UNPACKING pc=0x000002045dad2b43 sp=0x000000c2051fdaf0 mode 0
Event: 14.507 Thread 0x0000020475624f60 DEOPT PACKING pc=0x0000020456c9783e sp=0x000000c2051fe6c0
Event: 14.507 Thread 0x0000020475624f60 DEOPT UNPACKING pc=0x000002045dad2b43 sp=0x000000c2051fdaf0 mode 0
Event: 14.507 Thread 0x0000020475624f60 DEOPT PACKING pc=0x0000020456c97871 sp=0x000000c2051fe6c0
Event: 14.507 Thread 0x0000020475624f60 DEOPT UNPACKING pc=0x000002045dad2b43 sp=0x000000c2051fdaf0 mode 0
Event: 14.509 Thread 0x0000020475624f60 Uncommon trap: trap_request=0xffffffde fr.pc=0x000002045e26193c relative=0x000000000000009c
Event: 14.509 Thread 0x0000020475624f60 Uncommon trap: reason=class_check action=maybe_recompile pc=0x000002045e26193c method=java.nio.ByteBuffer.position(I)Ljava/nio/Buffer; @ 2 c2
Event: 14.509 Thread 0x0000020475624f60 DEOPT PACKING pc=0x000002045e26193c sp=0x000000c2051fe530
Event: 14.509 Thread 0x0000020475624f60 DEOPT UNPACKING pc=0x000002045dad23a3 sp=0x000000c2051fe4c8 mode 2
Event: 14.648 Thread 0x0000020475624f60 Uncommon trap: trap_request=0xffffff45 fr.pc=0x000002045e042edc relative=0x000000000000015c
Event: 14.648 Thread 0x0000020475624f60 Uncommon trap: reason=unstable_if action=reinterpret pc=0x000002045e042edc method=java.lang.StringCoding.hasNegatives([BII)Z @ 12 c2
Event: 14.648 Thread 0x0000020475624f60 DEOPT PACKING pc=0x000002045e042edc sp=0x000000c2051fe400
Event: 14.648 Thread 0x0000020475624f60 DEOPT UNPACKING pc=0x000002045dad23a3 sp=0x000000c2051fe390 mode 2
Event: 20.132 Thread 0x0000020475624030 Uncommon trap: trap_request=0xffffff45 fr.pc=0x000002045e03fed8 relative=0x00000000000001b8
Event: 20.132 Thread 0x0000020475624030 Uncommon trap: reason=unstable_if action=reinterpret pc=0x000002045e03fed8 method=java.lang.StringCoding.hasNegatives([BII)Z @ 12 c2
Event: 20.132 Thread 0x0000020475624030 DEOPT PACKING pc=0x000002045e03fed8 sp=0x000000c2053fe350
Event: 20.132 Thread 0x0000020475624030 DEOPT UNPACKING pc=0x000002045dad23a3 sp=0x000000c2053fe300 mode 2

Classes unloaded (0 events):
No events

Classes redefined (0 events):
No events

Internal exceptions (20 events):
Event: 7.082 Thread 0x000002044d4a1aa0 Exception <a 'java/lang/NoSuchMethodError'{0x00000000865157b0}: 'java.lang.Object java.lang.invoke.DirectMethodHandle$Holder.newInvokeSpecial(java.lang.Object, java.lang.Object, java.lang.Object, java.lang.Object, java.lang.Object, java.lang.Object, java.lang.Object, int)'> (0x00000000865157b0) 
thrown [s\open\src\hotspot\share\interpreter\linkResolver.cpp, line 759]
Event: 7.084 Thread 0x000002044d4a1aa0 Exception <a 'java/lang/NoSuchMethodError'{0x000000008651a7a8}: 'java.lang.Object java.lang.invoke.DirectMethodHandle$Holder.invokeSpecial(java.lang.Object, java.lang.Object, java.lang.Object, java.lang.Object, java.lang.Object, java.lang.Object, java.lang.Object, java.lang.Object, int)'> (0x000000008651a7a8) 
thrown [s\open\src\hotspot\share\interpreter\linkResolver.cpp, line 759]
Event: 7.085 Thread 0x000002044d4a1aa0 Exception <a 'java/lang/NoSuchMethodError'{0x000000008651f270}: 'java.lang.Object java.lang.invoke.Invokers$Holder.linkToTargetMethod(java.lang.Object, java.lang.Object, java.lang.Object, java.lang.Object, java.lang.Object, java.lang.Object, int, java.lang.Object)'> (0x000000008651f270) 
thrown [s\open\src\hotspot\share\interpreter\linkResolver.cpp, line 759]
Event: 7.108 Thread 0x000002044d4a1aa0 Exception <a 'java/lang/NoSuchMethodError'{0x00000000865f1d10}: 'void java.lang.invoke.DirectMethodHandle$Holder.invokeInterface(java.lang.Object, java.lang.Object)'> (0x00000000865f1d10) 
thrown [s\open\src\hotspot\share\interpreter\linkResolver.cpp, line 759]
Event: 7.286 Thread 0x000002044d4a1aa0 Exception <a 'java/lang/IncompatibleClassChangeError'{0x0000000084762328}: Found class java.lang.Object, but interface was expected> (0x0000000084762328) 
thrown [s\open\src\hotspot\share\interpreter\linkResolver.cpp, line 826]
Event: 7.294 Thread 0x000002044d4a1aa0 Exception <a 'java/lang/IncompatibleClassChangeError'{0x00000000847e85c0}: Found class java.lang.Object, but interface was expected> (0x00000000847e85c0) 
thrown [s\open\src\hotspot\share\interpreter\linkResolver.cpp, line 826]
Event: 7.336 Thread 0x000002044d4a1aa0 Exception <a 'java/lang/IncompatibleClassChangeError'{0x0000000084568848}: Found class java.lang.Object, but interface was expected> (0x0000000084568848) 
thrown [s\open\src\hotspot\share\interpreter\linkResolver.cpp, line 826]
Event: 7.524 Thread 0x000002044d4a1aa0 Exception <a 'java/lang/IncompatibleClassChangeError'{0x0000000083e5a030}: Found class java.lang.Object, but interface was expected> (0x0000000083e5a030) 
thrown [s\open\src\hotspot\share\interpreter\linkResolver.cpp, line 826]
Event: 7.821 Thread 0x000002044d4a1aa0 Exception <a 'sun/nio/fs/WindowsException'{0x000000008637f488}> (0x000000008637f488) 
thrown [s\open\src\hotspot\share\prims\jni.cpp, line 516]
Event: 7.890 Thread 0x000002044d4a1aa0 Exception <a 'java/lang/IncompatibleClassChangeError'{0x000000008492b900}: Found class java.lang.Object, but interface was expected> (0x000000008492b900) 
thrown [s\open\src\hotspot\share\interpreter\linkResolver.cpp, line 826]
Event: 7.943 Thread 0x000002044d4a1aa0 Exception <a 'java/lang/NoSuchMethodError'{0x00000000848d0b78}: 'void java.lang.invoke.DirectMethodHandle$Holder.invokeVirtual(java.lang.Object, java.lang.Object, long)'> (0x00000000848d0b78) 
thrown [s\open\src\hotspot\share\interpreter\linkResolver.cpp, line 759]
Event: 8.054 Thread 0x000002044d4a1aa0 Exception <a 'java/lang/IncompatibleClassChangeError'{0x00000000844c94c0}: Found class java.lang.Object, but interface was expected> (0x00000000844c94c0) 
thrown [s\open\src\hotspot\share\interpreter\linkResolver.cpp, line 826]
Event: 8.068 Thread 0x000002044d4a1aa0 Implicit null exception at 0x000002045e1651c0 to 0x000002045e1653c0
Event: 8.152 Thread 0x000002044d4a1aa0 Exception <a 'java/lang/NoSuchMethodError'{0x00000000840f3b68}: 'java.lang.Object java.lang.invoke.DirectMethodHandle$Holder.newInvokeSpecial(java.lang.Object, java.lang.Object, int, java.lang.Object, java.lang.Object)'> (0x00000000840f3b68) 
thrown [s\open\src\hotspot\share\interpreter\linkResolver.cpp, line 759]
Event: 8.201 Thread 0x000002044d4a1aa0 Implicit null exception at 0x000002045e1927eb to 0x000002045e198da4
Event: 12.047 Thread 0x000002044d4a1aa0 Exception <a 'java/lang/NoSuchMethodError'{0x0000000089bf05c0}: 'java.lang.Object java.lang.invoke.DirectMethodHandle$Holder.invokeStaticInit(java.lang.Object, java.lang.Object, int)'> (0x0000000089bf05c0) 
thrown [s\open\src\hotspot\share\interpreter\linkResolver.cpp, line 759]
Event: 12.236 Thread 0x000002044d4a1aa0 Exception <a 'java/lang/NoSuchMethodError'{0x0000000089b4b5f8}: 'void java.lang.invoke.DirectMethodHandle$Holder.invokeStatic(java.lang.Object, java.lang.Object, java.lang.Object, java.lang.Object, java.lang.Object, java.lang.Object, java.lang.Object)'> (0x0000000089b4b5f8) 
thrown [s\open\src\hotspot\share\interpreter\linkResolver.cpp, line 759]
Event: 12.447 Thread 0x0000020475625e90 Exception <a 'java/lang/NoSuchMethodError'{0x0000000089b8f918}: 'void java.lang.invoke.DirectMethodHandle$Holder.invokeStatic(java.lang.Object, java.lang.Object, int)'> (0x0000000089b8f918) 
thrown [s\open\src\hotspot\share\interpreter\linkResolver.cpp, line 759]
Event: 13.521 Thread 0x0000020475624f60 Exception <a 'java/lang/NoSuchMethodError'{0x00000000865232b0}: 'java.lang.Object java.lang.invoke.DirectMethodHandle$Holder.newInvokeSpecial(java.lang.Object, java.lang.Object, long, java.lang.Object, java.lang.Object, java.lang.Object)'> (0x00000000865232b0) 
thrown [s\open\src\hotspot\share\interpreter\linkResolver.cpp, line 759]
Event: 13.522 Thread 0x0000020475624f60 Exception <a 'java/lang/NoSuchMethodError'{0x000000008652b0d0}: 'java.lang.Object java.lang.invoke.Invokers$Holder.linkToTargetMethod(java.lang.Object, long, java.lang.Object, java.lang.Object, java.lang.Object, java.lang.Object)'> (0x000000008652b0d0) 
thrown [s\open\src\hotspot\share\interpreter\linkResolver.cpp, line 759]

VM Operations (20 events):
Event: 265.161 Executing VM operation: Cleanup
Event: 265.161 Executing VM operation: Cleanup done
Event: 655.340 Executing VM operation: Cleanup
Event: 655.340 Executing VM operation: Cleanup done
Event: 704.881 Executing VM operation: Cleanup
Event: 704.881 Executing VM operation: Cleanup done
Event: 805.689 Executing VM operation: Cleanup
Event: 805.689 Executing VM operation: Cleanup done
Event: 1093.905 Executing VM operation: Cleanup
Event: 1093.906 Executing VM operation: Cleanup done
Event: 1095.930 Executing VM operation: Cleanup
Event: 1095.930 Executing VM operation: Cleanup done
Event: 1295.694 Executing VM operation: Cleanup
Event: 1295.694 Executing VM operation: Cleanup done
Event: 1435.805 Executing VM operation: Cleanup
Event: 1435.805 Executing VM operation: Cleanup done
Event: 1463.072 Executing VM operation: Cleanup
Event: 1463.073 Executing VM operation: Cleanup done
Event: 1762.905 Executing VM operation: Cleanup
Event: 1762.905 Executing VM operation: Cleanup done

Events (20 events):
Event: 17.959 loading class sun/security/ssl/PreSharedKeyExtension$SHPreSharedKeySpec done
Event: 18.492 loading class sun/security/ssl/Alert
Event: 18.493 loading class sun/security/ssl/Alert done
Event: 18.494 loading class sun/security/ssl/Alert$AlertConsumer
Event: 18.494 loading class sun/security/ssl/Alert$AlertConsumer done
Event: 18.494 loading class sun/security/ssl/Alert$AlertMessage
Event: 18.494 loading class sun/security/ssl/Alert$AlertMessage done
Event: 18.494 loading class sun/security/ssl/Alert$Level
Event: 18.494 loading class sun/security/ssl/Alert$Level done
Event: 20.197 loading class org/w3c/dom/Node
Event: 20.197 loading class org/w3c/dom/Node done
Event: 20.197 loading class org/w3c/dom/Document
Event: 20.197 loading class org/w3c/dom/Document done
Event: 72.513 Thread 0x00000204756226e0 Thread exited: 0x00000204756226e0
Event: 77.808 Thread 0x0000020475624540 Thread exited: 0x0000020475624540
Event: 78.499 Thread 0x0000020475624f60 Thread exited: 0x0000020475624f60
Event: 83.875 Thread 0x0000020475624030 Thread exited: 0x0000020475624030
Event: 1762.752 Thread 0x0000020475624030 Thread added: 0x0000020475624030
Event: 1762.754 Thread 0x0000020475624540 Thread added: 0x0000020475624540
Event: 1762.861 Thread 0x00000204754f1a30 Thread added: 0x00000204754f1a30


Dynamic libraries:
0x00007ff652980000 - 0x00007ff652990000 	C:\Program Files\Java\jdk-17\bin\java.exe
0x00007ffe2ceb0000 - 0x00007ffe2d0a8000 	C:\Windows\SYSTEM32\ntdll.dll
0x00007ffe2b360000 - 0x00007ffe2b422000 	C:\Windows\System32\KERNEL32.DLL
0x00007ffe2a850000 - 0x00007ffe2ab4e000 	C:\Windows\System32\KERNELBASE.dll
0x00007ffe2a6a0000 - 0x00007ffe2a7a0000 	C:\Windows\System32\ucrtbase.dll
0x00007ffe26ee0000 - 0x00007ffe26ef9000 	C:\Program Files\Java\jdk-17\bin\jli.dll
0x00007ffe26b00000 - 0x00007ffe26b1b000 	C:\Program Files\Java\jdk-17\bin\VCRUNTIME140.dll
0x00007ffe2ba20000 - 0x00007ffe2bad1000 	C:\Windows\System32\ADVAPI32.dll
0x00007ffe2aee0000 - 0x00007ffe2af7e000 	C:\Windows\System32\msvcrt.dll
0x00007ffe2b570000 - 0x00007ffe2b60f000 	C:\Windows\System32\sechost.dll
0x00007ffe2c940000 - 0x00007ffe2ca63000 	C:\Windows\System32\RPCRT4.dll
0x00007ffe2a670000 - 0x00007ffe2a697000 	C:\Windows\System32\bcrypt.dll
0x00007ffe2cc20000 - 0x00007ffe2cdbd000 	C:\Windows\System32\USER32.dll
0x00007ffe2acd0000 - 0x00007ffe2acf2000 	C:\Windows\System32\win32u.dll
0x00007ffe2c770000 - 0x00007ffe2c79b000 	C:\Windows\System32\GDI32.dll
0x00007ffe2a550000 - 0x00007ffe2a667000 	C:\Windows\System32\gdi32full.dll
0x00007ffe2ab50000 - 0x00007ffe2abed000 	C:\Windows\System32\msvcp_win.dll
0x00007ffe17240000 - 0x00007ffe174da000 	C:\Windows\WinSxS\amd64_microsoft.windows.common-controls_6595b64144ccf1df_6.0.19041.4355_none_60b8b9eb71f62e16\COMCTL32.dll
0x00007ffe24430000 - 0x00007ffe2443a000 	C:\Windows\SYSTEM32\VERSION.dll
0x00007ffe2c270000 - 0x00007ffe2c29f000 	C:\Windows\System32\IMM32.DLL
0x00007ffe26b80000 - 0x00007ffe26b8c000 	C:\Program Files\Java\jdk-17\bin\vcruntime140_1.dll
0x00007ffdf3fb0000 - 0x00007ffdf403e000 	C:\Program Files\Java\jdk-17\bin\msvcp140.dll
0x00007ffdc5c90000 - 0x00007ffdc6870000 	C:\Program Files\Java\jdk-17\bin\server\jvm.dll
0x00007ffe2bae0000 - 0x00007ffe2bae8000 	C:\Windows\System32\PSAPI.DLL
0x00007ffe1f330000 - 0x00007ffe1f357000 	C:\Windows\SYSTEM32\WINMM.dll
0x00007ffe07b40000 - 0x00007ffe07b49000 	C:\Windows\SYSTEM32\WSOCK32.dll
0x00007ffe2c8d0000 - 0x00007ffe2c93b000 	C:\Windows\System32\WS2_32.dll
0x00007ffe283d0000 - 0x00007ffe283e2000 	C:\Windows\SYSTEM32\kernel.appcore.dll
0x00007ffe26af0000 - 0x00007ffe26afa000 	C:\Program Files\Java\jdk-17\bin\jimage.dll
0x00007ffe1e9a0000 - 0x00007ffe1eb84000 	C:\Windows\SYSTEM32\DBGHELP.DLL
0x00007ffe006e0000 - 0x00007ffe00714000 	C:\Windows\SYSTEM32\dbgcore.DLL
0x00007ffe2ac40000 - 0x00007ffe2acc2000 	C:\Windows\System32\bcryptPrimitives.dll
0x00007ffe21d20000 - 0x00007ffe21d2e000 	C:\Program Files\Java\jdk-17\bin\instrument.dll
0x00007ffe16e30000 - 0x00007ffe16e55000 	C:\Program Files\Java\jdk-17\bin\java.dll
0x00007ffde9930000 - 0x00007ffde9a07000 	C:\Program Files\Java\jdk-17\bin\jsvml.dll
0x00007ffe2baf0000 - 0x00007ffe2c25d000 	C:\Windows\System32\SHELL32.dll
0x00007ffe285d0000 - 0x00007ffe28d73000 	C:\Windows\SYSTEM32\windows.storage.dll
0x00007ffe2b610000 - 0x00007ffe2b963000 	C:\Windows\System32\combase.dll
0x00007ffe29f80000 - 0x00007ffe29fae000 	C:\Windows\SYSTEM32\Wldp.dll
0x00007ffe2c7a0000 - 0x00007ffe2c86d000 	C:\Windows\System32\OLEAUT32.dll
0x00007ffe2b970000 - 0x00007ffe2ba1d000 	C:\Windows\System32\SHCORE.dll
0x00007ffe2c870000 - 0x00007ffe2c8c5000 	C:\Windows\System32\shlwapi.dll
0x00007ffe2a480000 - 0x00007ffe2a4a4000 	C:\Windows\SYSTEM32\profapi.dll
0x00007ffe16db0000 - 0x00007ffe16dc8000 	C:\Program Files\Java\jdk-17\bin\zip.dll
0x00007ffe265b0000 - 0x00007ffe265c9000 	C:\Program Files\Java\jdk-17\bin\net.dll
0x00007ffe23430000 - 0x00007ffe2353d000 	C:\Windows\SYSTEM32\WINHTTP.dll
0x00007ffe29ce0000 - 0x00007ffe29d4a000 	C:\Windows\system32\mswsock.dll
0x00007ffe16dd0000 - 0x00007ffe16de6000 	C:\Program Files\Java\jdk-17\bin\nio.dll
0x00007ffdfde00000 - 0x00007ffdfde1a000 	C:\Program Files\JetBrains\IntelliJ IDEA Community Edition 2024.2.3\bin\breakgen64.dll
0x00007ffe0c860000 - 0x00007ffe0c86e000 	C:\Program Files\Java\jdk-17\bin\sunmscapi.dll
0x00007ffe2ad70000 - 0x00007ffe2aecc000 	C:\Windows\System32\CRYPT32.dll
0x00007ffe29ff0000 - 0x00007ffe2a017000 	C:\Windows\SYSTEM32\ncrypt.dll
0x00007ffe29fb0000 - 0x00007ffe29feb000 	C:\Windows\SYSTEM32\NTASN1.dll
0x00007ffe29ee0000 - 0x00007ffe29ef8000 	C:\Windows\SYSTEM32\CRYPTSP.dll
0x00007ffe29590000 - 0x00007ffe295c4000 	C:\Windows\system32\rsaenh.dll
0x00007ffe2a440000 - 0x00007ffe2a46e000 	C:\Windows\SYSTEM32\USERENV.dll
0x00007ffe29ed0000 - 0x00007ffe29edc000 	C:\Windows\SYSTEM32\CRYPTBASE.dll
0x00007ffe29970000 - 0x00007ffe299ab000 	C:\Windows\SYSTEM32\IPHLPAPI.DLL
0x00007ffe2aed0000 - 0x00007ffe2aed8000 	C:\Windows\System32\NSI.dll
0x00007ffe24a80000 - 0x00007ffe24a97000 	C:\Windows\SYSTEM32\dhcpcsvc6.DLL
0x00007ffe24870000 - 0x00007ffe2488d000 	C:\Windows\SYSTEM32\dhcpcsvc.DLL
0x00007ffe299c0000 - 0x00007ffe29a8a000 	C:\Windows\SYSTEM32\DNSAPI.dll
0x00007ffe0c890000 - 0x00007ffe0c89a000 	C:\Program Files\Java\jdk-17\bin\management.dll
0x00007ffe0c870000 - 0x00007ffe0c87b000 	C:\Program Files\Java\jdk-17\bin\management_ext.dll
0x00007ffe0c880000 - 0x00007ffe0c890000 	C:\Program Files\Java\jdk-17\bin\verify.dll
0x0000000064e20000 - 0x0000000064e46000 	C:\Program Files\Bonjour\mdnsNSP.dll
0x00007ffe209e0000 - 0x00007ffe209ea000 	C:\Windows\System32\rasadhlp.dll
0x00007ffe20730000 - 0x00007ffe207b0000 	C:\Windows\System32\fwpuclnt.dll
0x00007ffe02d30000 - 0x00007ffe02d37000 	C:\Windows\system32\wshunix.dll

dbghelp: loaded successfully - version: 4.0.5 - missing functions: none
symbol engine: initialized successfully - sym options: 0x614 - pdb path: .;C:\Program Files\Java\jdk-17\bin;C:\Windows\SYSTEM32;C:\Windows\WinSxS\amd64_microsoft.windows.common-controls_6595b64144ccf1df_6.0.19041.4355_none_60b8b9eb71f62e16;C:\Program Files\Java\jdk-17\bin\server;C:\Program Files\JetBrains\IntelliJ IDEA Community Edition 2024.2.3\bin;C:\Program Files\Bonjour

VM Arguments:
jvm_args: -javaagent:C:\Program Files\JetBrains\IntelliJ IDEA Community Edition 2024.2.3\lib\idea_rt.jar=63442:C:\Program Files\JetBrains\IntelliJ IDEA Community Edition 2024.2.3\bin -Dfile.encoding=UTF-8 
java_command: com.desrollador.BookSearch.BookSearchApplication
java_class_path (initial): D:\Gustavo Quintero\Escritorio\Book_Search_2.0\BookSearch\target\classes;C:\Users\Gustavo Quintero\.m2\repository\org\springframework\boot\spring-boot-starter-web\3.3.5\spring-boot-starter-web-3.3.5.jar;C:\Users\Gustavo Quintero\.m2\repository\org\springframework\boot\spring-boot-starter\3.3.5\spring-boot-starter-3.3.5.jar;C:\Users\Gustavo Quintero\.m2\repository\org\springframework\boot\spring-boot\3.3.5\spring-boot-3.3.5.jar;C:\Users\Gustavo Quintero\.m2\repository\org\springframework\boot\spring-boot-autoconfigure\3.3.5\spring-boot-autoconfigure-3.3.5.jar;C:\Users\Gustavo Quintero\.m2\repository\org\springframework\boot\spring-boot-starter-logging\3.3.5\spring-boot-starter-logging-3.3.5.jar;C:\Users\Gustavo Quintero\.m2\repository\ch\qos\logback\logback-classic\1.5.11\logback-classic-1.5.11.jar;C:\Users\Gustavo Quintero\.m2\repository\ch\qos\logback\logback-core\1.5.11\logback-core-1.5.11.jar;C:\Users\Gustavo Quintero\.m2\repository\org\apache\logging\log4j\log4j-to-slf4j\2.23.1\log4j-to-slf4j-2.23.1.jar;C:\Users\Gustavo Quintero\.m2\repository\org\apache\logging\log4j\log4j-api\2.23.1\log4j-api-2.23.1.jar;C:\Users\Gustavo Quintero\.m2\repository\org\slf4j\jul-to-slf4j\2.0.16\jul-to-slf4j-2.0.16.jar;C:\Users\Gustavo Quintero\.m2\repository\jakarta\annotation\jakarta.annotation-api\2.1.1\jakarta.annotation-api-2.1.1.jar;C:\Users\Gustavo Quintero\.m2\repository\org\yaml\snakeyaml\2.2\snakeyaml-2.2.jar;C:\Users\Gustavo Quintero\.m2\repository\org\springframework\boot\spring-boot-starter-json\3.3.5\spring-boot-starter-json-3.3.5.jar;C:\Users\Gustavo Quintero\.m2\repository\com\fasterxml\jackson\datatype\jackson-datatype-jdk8\2.17.2\jackson-datatype-jdk8-2.17.2.jar;C:\Users\Gustavo Quintero\.m2\repository\com\fasterxml\jackson\datatype\jackson-datatype-jsr310\2.17.2\jackson-datatype-jsr310-2.17.2.jar;C:\Users\Gustavo Quintero\.m2\repository\com\fasterxml\jackson\module\jackson-module-parameter-names\2.17.2\jackson-module-parameter-names-2.
Launcher Type: SUN_STANDARD

[Global flags]
     intx CICompilerCount                          = 3                                         {product} {ergonomic}
     uint ConcGCThreads                            = 1                                         {product} {ergonomic}
     uint G1ConcRefinementThreads                  = 4                                         {product} {ergonomic}
   size_t G1HeapRegionSize                         = 1048576                                   {product} {ergonomic}
    uintx GCDrainStackTargetSize                   = 64                                        {product} {ergonomic}
   size_t InitialHeapSize                          = 134217728                                 {product} {ergonomic}
   size_t MarkStackSize                            = 4194304                                   {product} {ergonomic}
   size_t MaxHeapSize                              = 2118123520                                {product} {ergonomic}
   size_t MaxNewSize                               = 1270874112                                {product} {ergonomic}
   size_t MinHeapDeltaBytes                        = 1048576                                   {product} {ergonomic}
   size_t MinHeapSize                              = 8388608                                   {product} {ergonomic}
    uintx NonNMethodCodeHeapSize                   = 5832780                                {pd product} {ergonomic}
    uintx NonProfiledCodeHeapSize                  = 122912730                              {pd product} {ergonomic}
    uintx ProfiledCodeHeapSize                     = 122912730                              {pd product} {ergonomic}
    uintx ReservedCodeCacheSize                    = 251658240                              {pd product} {ergonomic}
     bool SegmentedCodeCache                       = true                                      {product} {ergonomic}
   size_t SoftMaxHeapSize                          = 2118123520                             {manageable} {ergonomic}
     bool UseCompressedClassPointers               = true                           {product lp64_product} {ergonomic}
     bool UseCompressedOops                        = true                           {product lp64_product} {ergonomic}
     bool UseG1GC                                  = true                                      {product} {ergonomic}
     bool UseLargePagesIndividualAllocation        = false                                  {pd product} {ergonomic}

Logging:
Log output configuration:
 #0: stdout all=warning uptime,level,tags
 #1: stderr all=off uptime,level,tags

Environment Variables:
PATH=D:\Program Files\Scripts\;D:\Program Files\;C:\Program Files\Common Files\Oracle\Java\javapath;C:\Windows\system32;C:\Windows;C:\Windows\System32\Wbem;C:\Windows\System32\WindowsPowerShell\v1.0\;C:\Windows\System32\OpenSSH\;C:\Program Files\Intel\WiFi\bin\;C:\Program Files\Common Files\Intel\WirelessCommon\;C:\Program Files\Microsoft SQL Server\Client SDK\ODBC\110\Tools\Binn\;C:\Program Files (x86)\Microsoft SQL Server\120\Tools\Binn\;C:\Program Files\Microsoft SQL Server\120\Tools\Binn\;C:\Program Files\Microsoft SQL Server\120\DTS\Binn\;C:\Program Files (x86)\Windows Kits\8.1\Windows Performance Toolkit\;C:\Program Files\dotnet\;C:\Program Files\NVIDIA Corporation\NVIDIA NvDLISR;C:\Program Files (x86)\Windows Kits\10\Windows Performance Toolkit\;C:\Program Files\Git\cmd;C:\Program Files\Java\jdk-17\bin;C:\Users\Gustavo Quintero\AppData\Local\Microsoft\WindowsApps;C:\Program Files\Intel\WiFi\bin\;C:\Program Files\Common Files\Intel\WirelessCommon\;C:\Users\Gustavo Quintero\.dotnet\tools;C:\Users\Gustavo Quintero\AppData\Local\Programs\Microsoft VS Code\bin;C:\Program Files\JetBrains\IntelliJ IDEA Community Edition 2024.2.3\bin;
USERNAME=Gustavo Quintero
OS=Windows_NT
PROCESSOR_IDENTIFIER=Intel64 Family 6 Model 158 Stepping 9, GenuineIntel



---------------  S Y S T E M  ---------------

OS:
 Windows 10 , 64 bit Build 19041 (10.0.19041.5198)
OS uptime: 2 days 2:07 hours

CPU: total 4 (initial active 4) (4 cores per cpu, 1 threads per core) family 6 model 158 stepping 9 microcode 0xb4, cx8, cmov, fxsr, mmx, 3dnowpref, sse, sse2, sse3, ssse3, sse4.1, sse4.2, popcnt, lzcnt, tsc, tscinvbit, avx, avx2, aes, erms, clmul, bmi1, bmi2, adx, fma, vzeroupper, clflush, clflushopt

Memory: 4k page, system-wide physical 8072M (911M free)
TotalPageFile size 10120M (AvailPageFile size 3M)
current process WorkingSet (physical memory assigned to process): 214M, peak: 244M
current process commit charge ("private bytes"): 245M, peak: 275M

vm_info: Java HotSpot(TM) 64-Bit Server VM (17.0.12+8-LTS-286) for windows-amd64 JRE (17.0.12+8-LTS-286), built on Jun  5 2024 06:46:59 by "mach5one" with MS VC++ 17.6 (VS2022)

END.
